SF:lib\core\error\auth_error_exception.dart
DA:8,1
DA:10,0
DA:12,0
DA:13,0
DA:19,0
DA:21,0
DA:23,0
DA:24,0
LF:8
LH:1
end_of_record
SF:lib\core\network\dio_helper.dart
DA:5,0
DA:7,0
DA:8,0
DA:9,0
DA:16,0
DA:22,0
DA:23,0
DA:24,0
DA:25,0
DA:26,0
DA:28,0
DA:31,0
DA:38,0
DA:39,0
DA:40,0
DA:41,0
DA:42,0
DA:44,0
DA:49,0
DA:56,0
DA:57,0
DA:58,0
DA:59,0
DA:60,0
DA:62,0
DA:65,0
DA:72,0
DA:73,0
DA:74,0
DA:75,0
DA:77,0
LF:31
LH:0
end_of_record
SF:lib\core\network\error_message_model.dart
DA:8,2
DA:11,1
DA:12,1
DA:13,1
DA:14,1
DA:15,2
DA:19,1
DA:20,1
DA:21,1
DA:22,1
DA:23,1
DA:26,0
DA:28,0
DA:29,0
DA:30,0
DA:31,0
LF:16
LH:11
end_of_record
SF:lib\data\data_source\auth_remote_data_source.dart
DA:27,1
DA:28,1
DA:31,2
DA:33,1
DA:34,1
DA:35,1
DA:38,0
DA:39,1
DA:40,4
DA:45,0
DA:48,0
DA:50,0
DA:51,0
DA:52,0
DA:53,0
DA:54,0
DA:57,0
DA:58,0
DA:59,0
DA:63,0
DA:66,0
DA:68,0
DA:69,0
DA:70,0
DA:73,0
DA:74,0
DA:75,0
DA:80,0
DA:83,0
DA:85,0
DA:89,0
DA:91,0
DA:92,0
DA:97,0
DA:100,0
DA:102,0
DA:103,0
DA:104,0
DA:105,0
DA:108,0
DA:109,0
DA:110,0
LF:42
LH:8
end_of_record
SF:lib\data\models\auth_model.dart
DA:4,1
DA:11,0
DA:12,0
DA:13,0
DA:14,0
DA:15,0
DA:16,0
DA:19,0
DA:20,0
DA:21,0
DA:22,0
DA:23,0
DA:24,0
DA:30,0
DA:35,0
DA:36,0
DA:37,0
DA:38,0
DA:41,0
DA:42,0
DA:43,0
DA:44,0
LF:22
LH:1
end_of_record
SF:lib\domain\entities\auth_entity.dart
DA:9,1
DA:16,0
DA:17,0
DA:18,0
DA:19,0
DA:20,0
DA:21,0
DA:29,1
DA:34,0
DA:35,0
DA:36,0
DA:37,0
LF:12
LH:2
end_of_record
SF:lib\domain\usecases\auth_usecases\login_usecase.dart
DA:12,0
DA:14,0
DA:16,0
DA:24,1
DA:25,0
DA:27,0
DA:28,0
DA:29,0
LF:8
LH:1
end_of_record
SF:lib\core\base_usecases\base_usecase.dart
DA:10,0
DA:11,0
DA:13,0
LF:3
LH:0
end_of_record
SF:lib\domain\usecases\auth_usecases\register_usecase.dart
DA:13,0
DA:15,0
DA:18,0
DA:28,0
DA:35,0
DA:37,0
DA:38,0
DA:39,0
DA:40,0
DA:41,0
LF:10
LH:0
end_of_record
SF:lib\domain\usecases\auth_usecases\reset_password_usecase.dart
DA:12,0
DA:16,0
DA:18,0
DA:27,0
DA:30,0
DA:32,0
DA:33,0
DA:34,0
DA:35,0
LF:9
LH:0
end_of_record
SF:lib\domain\usecases\auth_usecases\verify_phone.dart
DA:12,0
DA:15,0
DA:17,0
DA:25,0
DA:26,0
DA:28,0
LF:6
LH:0
end_of_record
